Library/Bee/Android/Prj/IL2CPP/Gradle/launcher/build/intermediates/manifest_merge_blame_file/release/manifest-merger-blame-release-report.txt
1<?xml version="1.0" encoding="utf-8"?>
2<manifest xmlns:android="http://schemas.android.com/apk/res/android"
3    package="com.matsumoto.Kenkyu1_4"
4    android:installLocation="auto"
5    android:versionCode="1"
6    android:versionName="0.1" >
7
8    <uses-sdk
9        android:minSdkVersion="29"
9-->src\main\AndroidManifest.xml
10        android:targetSdkVersion="34" />
10-->src\main\AndroidManifest.xml
11
12    <supports-screens
12-->src\main\AndroidManifest.xml:3:3-163
13        android:anyDensity="true"
13-->src\main\AndroidManifest.xml:3:135-160
14        android:largeScreens="true"
14-->src\main\AndroidManifest.xml:3:78-105
15        android:normalScreens="true"
15-->src\main\AndroidManifest.xml:3:49-77
16        android:smallScreens="true"
16-->src\main\AndroidManifest.xml:3:21-48
17        android:xlargeScreens="true" />
17-->src\main\AndroidManifest.xml:3:106-134
18
19    <uses-feature
19-->[:unityLibrary] AndroidManifest.xml:11:5-14:31
20        android:name="android.hardware.vr.headtracking"
20-->[:unityLibrary] AndroidManifest.xml:12:9-56
21        android:required="true"
21-->[:unityLibrary] AndroidManifest.xml:13:9-32
22        android:version="1" />
22-->[:unityLibrary] AndroidManifest.xml:14:9-28
23    <uses-feature
23-->[:unityLibrary] AndroidManifest.xml:15:5-17:35
24        android:name="oculus.software.handtracking"
24-->[:unityLibrary] AndroidManifest.xml:16:9-52
25        android:required="true" />
25-->[:unityLibrary] AndroidManifest.xml:17:9-32
26
27    <uses-permission android:name="com.oculus.permission.HAND_TRACKING" />
27-->[:unityLibrary] AndroidManifest.xml:19:5-75
27-->[:unityLibrary] AndroidManifest.xml:19:22-72
28
29    <uses-feature
29-->[:unityLibrary] AndroidManifest.xml:21:5-23:35
30        android:name="com.oculus.feature.PASSTHROUGH"
30-->[:unityLibrary] AndroidManifest.xml:22:9-54
31        android:required="true" />
31-->[:unityLibrary] AndroidManifest.xml:23:9-32
32    <uses-feature
32-->[:unityLibrary] AndroidManifest.xml:24:5-26:35
33        android:name="com.oculus.software.body_tracking"
33-->[:unityLibrary] AndroidManifest.xml:25:9-57
34        android:required="true" />
34-->[:unityLibrary] AndroidManifest.xml:26:9-32
35
36    <uses-permission android:name="com.oculus.permission.BODY_TRACKING" />
36-->[:unityLibrary] AndroidManifest.xml:28:5-75
36-->[:unityLibrary] AndroidManifest.xml:28:22-72
37
38    <uses-feature android:name="android.hardware.vulkan.version" />
38-->[:unityLibrary] AndroidManifest.xml:30:5-68
38-->[:unityLibrary] AndroidManifest.xml:30:19-65
39
40    <supports-gl-texture android:name="GL_KHR_texture_compression_astc_ldr" />
40-->[:unityLibrary] AndroidManifest.xml:32:5-79
40-->[:unityLibrary] AndroidManifest.xml:32:26-76
41
42    <uses-permission android:name="android.permission.INTERNET" />
42-->[:unityLibrary] AndroidManifest.xml:34:5-67
42-->[:unityLibrary] AndroidManifest.xml:34:22-64
43
44    <uses-feature
44-->[:unityLibrary] AndroidManifest.xml:36:5-38:36
45        android:name="android.hardware.touchscreen"
45-->[:unityLibrary] AndroidManifest.xml:37:9-52
46        android:required="false" />
46-->[:unityLibrary] AndroidManifest.xml:38:9-33
47    <uses-feature
47-->[:unityLibrary] AndroidManifest.xml:39:5-41:36
48        android:name="android.hardware.touchscreen.multitouch"
48-->[:unityLibrary] AndroidManifest.xml:40:9-63
49        android:required="false" />
49-->[:unityLibrary] AndroidManifest.xml:41:9-33
50    <uses-feature
50-->[:unityLibrary] AndroidManifest.xml:42:5-44:36
51        android:name="android.hardware.touchscreen.multitouch.distinct"
51-->[:unityLibrary] AndroidManifest.xml:43:9-72
52        android:required="false" />
52-->[:unityLibrary] AndroidManifest.xml:44:9-33
53
54    <application
54-->src\main\AndroidManifest.xml:4:3-83
55        android:allowBackup="false"
55-->[:unityLibrary] AndroidManifest.xml:47:9-36
56        android:extractNativeLibs="true"
56-->[:unityLibrary] AndroidManifest.xml:48:9-41
57        android:icon="@mipmap/app_icon"
57-->src\main\AndroidManifest.xml:4:49-80
58        android:label="@string/app_name"
58-->src\main\AndroidManifest.xml:4:16-48
59        android:networkSecurityConfig="@xml/network_sec_config" >
59-->[:unityLibrary] AndroidManifest.xml:51:9-64
60        <activity
60-->[:unityLibrary] AndroidManifest.xml:52:9-75:20
61            android:name="com.unity3d.player.UnityPlayerActivity"
61-->[:unityLibrary] AndroidManifest.xml:53:13-66
62            android:configChanges="keyboard|keyboardHidden|navigation|orientation|screenLayout|screenSize|uiMode|density"
62-->[:unityLibrary] AndroidManifest.xml:54:13-122
63            android:excludeFromRecents="true"
63-->[:unityLibrary] AndroidManifest.xml:55:13-46
64            android:exported="true"
64-->[:unityLibrary] AndroidManifest.xml:56:13-36
65            android:hardwareAccelerated="false"
65-->[:unityLibrary] AndroidManifest.xml:57:13-48
66            android:launchMode="singleTask"
66-->[:unityLibrary] AndroidManifest.xml:58:13-44
67            android:resizeableActivity="false"
67-->[:unityLibrary] AndroidManifest.xml:59:13-47
68            android:screenOrientation="landscape"
68-->[:unityLibrary] AndroidManifest.xml:60:13-50
69            android:theme="@android:style/Theme.Black.NoTitleBar.Fullscreen" >
69-->[:unityLibrary] AndroidManifest.xml:61:13-77
70            <intent-filter>
70-->[:unityLibrary] AndroidManifest.xml:62:13-67:29
71                <action android:name="android.intent.action.MAIN" />
71-->[:unityLibrary] AndroidManifest.xml:63:17-69
71-->[:unityLibrary] AndroidManifest.xml:63:25-66
72
73                <category android:name="android.intent.category.LAUNCHER" />
73-->[:unityLibrary] AndroidManifest.xml:65:17-77
73-->[:unityLibrary] AndroidManifest.xml:65:27-74
74                <category android:name="com.oculus.intent.category.VR" />
74-->[:unityLibrary] AndroidManifest.xml:66:17-74
74-->[:unityLibrary] AndroidManifest.xml:66:27-71
75            </intent-filter>
76
77            <meta-data
77-->[:unityLibrary] AndroidManifest.xml:69:13-71:40
78                android:name="com.oculus.vr.focusaware"
78-->[:unityLibrary] AndroidManifest.xml:70:17-56
79                android:value="true" />
79-->[:unityLibrary] AndroidManifest.xml:71:17-37
80            <meta-data
80-->[:unityLibrary] AndroidManifest.xml:72:13-74:40
81                android:name="android.notch_support"
81-->[:unityLibrary] AndroidManifest.xml:73:17-53
82                android:value="true" />
82-->[:unityLibrary] AndroidManifest.xml:74:17-37
83        </activity>
84
85        <meta-data
85-->[:unityLibrary] AndroidManifest.xml:77:9-79:37
86            android:name="unityplayer.SkipPermissionsDialog"
86-->[:unityLibrary] AndroidManifest.xml:78:13-61
87            android:value="false" />
87-->[:unityLibrary] AndroidManifest.xml:79:13-34
88        <meta-data
88-->[:unityLibrary] AndroidManifest.xml:80:9-82:39
89            android:name="com.samsung.android.vr.application.mode"
89-->[:unityLibrary] AndroidManifest.xml:81:13-67
90            android:value="vr_only" />
90-->[:unityLibrary] AndroidManifest.xml:82:13-36
91        <meta-data
91-->[:unityLibrary] AndroidManifest.xml:83:9-85:36
92            android:name="com.oculus.handtracking.frequency"
92-->[:unityLibrary] AndroidManifest.xml:84:13-61
93            android:value="HIGH" />
93-->[:unityLibrary] AndroidManifest.xml:85:13-33
94        <meta-data
94-->[:unityLibrary] AndroidManifest.xml:86:9-88:36
95            android:name="com.oculus.handtracking.version"
95-->[:unityLibrary] AndroidManifest.xml:87:13-59
96            android:value="V2.0" />
96-->[:unityLibrary] AndroidManifest.xml:88:13-33
97        <meta-data
97-->[:unityLibrary] AndroidManifest.xml:89:9-91:37
98            android:name="com.oculus.ossplash.background"
98-->[:unityLibrary] AndroidManifest.xml:90:13-58
99            android:value="black" />
99-->[:unityLibrary] AndroidManifest.xml:91:13-34
100        <meta-data
100-->[:unityLibrary] AndroidManifest.xml:92:9-94:47
101            android:name="com.oculus.supportedDevices"
101-->[:unityLibrary] AndroidManifest.xml:93:13-55
102            android:value="quest2|questpro" />
102-->[:unityLibrary] AndroidManifest.xml:94:13-44
103        <meta-data
103-->[:unityLibrary] AndroidManifest.xml:95:9-97:33
104            android:name="unity.splash-mode"
104-->[:unityLibrary] AndroidManifest.xml:96:13-45
105            android:value="0" />
105-->[:unityLibrary] AndroidManifest.xml:97:13-30
106        <meta-data
106-->[:unityLibrary] AndroidManifest.xml:98:9-100:36
107            android:name="unity.splash-enable"
107-->[:unityLibrary] AndroidManifest.xml:99:13-47
108            android:value="True" />
108-->[:unityLibrary] AndroidManifest.xml:100:13-33
109        <meta-data
109-->[:unityLibrary] AndroidManifest.xml:101:9-103:36
110            android:name="unity.launch-fullscreen"
110-->[:unityLibrary] AndroidManifest.xml:102:13-51
111            android:value="True" />
111-->[:unityLibrary] AndroidManifest.xml:103:13-33
112        <meta-data
112-->[:unityLibrary] AndroidManifest.xml:104:9-106:50
113            android:name="notch.config"
113-->[:unityLibrary] AndroidManifest.xml:105:13-40
114            android:value="portrait|landscape" />
114-->[:unityLibrary] AndroidManifest.xml:106:13-47
115        <meta-data
115-->[:unityLibrary] AndroidManifest.xml:107:9-109:36
116            android:name="unity.auto-report-fully-drawn"
116-->[:unityLibrary] AndroidManifest.xml:108:13-57
117            android:value="true" />
117-->[:unityLibrary] AndroidManifest.xml:109:13-33
118        <meta-data
118-->[:unityLibrary] AndroidManifest.xml:110:9-112:37
119            android:name="com.unity.xr.oculus.LowOverheadMode"
119-->[:unityLibrary] AndroidManifest.xml:111:13-63
120            android:value="false" />
120-->[:unityLibrary] AndroidManifest.xml:112:13-34
121        <meta-data
121-->[:unityLibrary] AndroidManifest.xml:113:9-115:37
122            android:name="com.unity.xr.oculus.LateLatching"
122-->[:unityLibrary] AndroidManifest.xml:114:13-60
123            android:value="false" />
123-->[:unityLibrary] AndroidManifest.xml:115:13-34
124        <meta-data
124-->[:unityLibrary] AndroidManifest.xml:116:9-118:37
125            android:name="com.unity.xr.oculus.LateLatchingDebug"
125-->[:unityLibrary] AndroidManifest.xml:117:13-65
126            android:value="false" />
126-->[:unityLibrary] AndroidManifest.xml:118:13-34
127    </application>
128
129</manifest>